[debug] [2019-02-04T21:37:26.446Z] ----------------------------------------------------------------------
[debug] [2019-02-04T21:37:26.449Z] Command:       /usr/local/bin/node /usr/local/bin/firebase deploy
[debug] [2019-02-04T21:37:26.450Z] CLI Version:   6.3.0
[debug] [2019-02-04T21:37:26.450Z] Platform:      darwin
[debug] [2019-02-04T21:37:26.450Z] Node Version:  v11.6.0
[debug] [2019-02-04T21:37:26.453Z] Time:          Mon Feb 04 2019 23:37:26 GMT+0200 (Eastern European Standard Time)
[debug] [2019-02-04T21:37:26.453Z] ----------------------------------------------------------------------
[debug] 
[debug] [2019-02-04T21:37:26.465Z] > command requires scopes: ["email","openid","https://www.googleapis.com/auth/cloudplatformprojects.readonly","https://www.googleapis.com/auth/firebase","https://www.googleapis.com/auth/cloud-platform"]
[debug] [2019-02-04T21:37:26.465Z] > authorizing via signed-in user
[debug] [2019-02-04T21:37:26.465Z] [iam] checking project how-to-pwa for permissions ["cloudfunctions.functions.create","cloudfunctions.functions.delete","cloudfunctions.functions.get","cloudfunctions.functions.list","cloudfunctions.functions.update","cloudfunctions.operations.get","firebase.projects.get","firebasehosting.sites.update"]
[debug] [2019-02-04T21:37:26.468Z] >>> HTTP REQUEST POST https://cloudresourcemanager.googleapis.com/v1/projects/how-to-pwa:testIamPermissions  

[debug] [2019-02-04T21:37:27.533Z] <<< HTTP RESPONSE 200
[debug] [2019-02-04T21:37:27.536Z] >>> HTTP REQUEST GET https://firebase.googleapis.com/v1beta1/projects/how-to-pwa  
 
[debug] [2019-02-04T21:37:27.896Z] <<< HTTP RESPONSE 200
[info] 
[info] === Deploying to 'how-to-pwa'...
[info] 
[info] i  deploying functions, hosting
[info] Running command: npm --prefix "$RESOURCE_DIR" run lint
[info] ✔  functions: Finished running predeploy script.
[debug] [2019-02-04T21:37:31.142Z] > [functions] package.json contents: {
  "name": "functions",
  "description": "Cloud Functions for Firebase",
  "scripts": {
    "lint": "eslint .",
    "serve": "firebase serve --only functions",
    "shell": "firebase functions:shell",
    "start": "npm run shell",
    "deploy": "firebase deploy --only functions",
    "logs": "firebase functions:log",
    "web-push": "web-push",
    "gvk": "web-push generate-vapid-keys"
  },
  "dependencies": {
    "@google-cloud/storage": "^2.4.0",
    "busboy": "^0.3.0",
    "cors": "^2.8.5",
    "firebase-admin": "^6.0.0",
    "firebase-functions": "^2.1.0",
    "uuid-v4": "^0.1.0",
    "web-push": "^3.3.3"
  },
  "devDependencies": {
    "eslint": "^5.12.0",
    "eslint-plugin-promise": "^4.0.1"
  },
  "private": true
}
[info] i  functions: ensuring necessary APIs are enabled...
[debug] [2019-02-04T21:37:31.142Z] >>> HTTP REQUEST GET https://servicemanagement.googleapis.com/v1/services/cloudfunctions.googleapis.com/projectSettings/how-to-pwa?view=CONSUMER_VIEW  
 
[debug] [2019-02-04T21:37:31.143Z] >>> HTTP REQUEST GET https://servicemanagement.googleapis.com/v1/services/runtimeconfig.googleapis.com/projectSettings/how-to-pwa?view=CONSUMER_VIEW  
 
[debug] [2019-02-04T21:37:32.534Z] <<< HTTP RESPONSE 200
[info] ✔  functions: all necessary APIs are enabled
[debug] [2019-02-04T21:37:32.652Z] <<< HTTP RESPONSE 200
[debug] [2019-02-04T21:37:32.654Z] >>> HTTP REQUEST GET https://cloudresourcemanager.googleapis.com/v1/projects/how-to-pwa  
 
[debug] [2019-02-04T21:37:33.571Z] <<< HTTP RESPONSE 200
[debug] [2019-02-04T21:37:33.572Z] >>> HTTP REQUEST GET https://mobilesdk-pa.googleapis.com/v1/projects/188530498156:getServerAppConfig  
 
[debug] [2019-02-04T21:37:33.916Z] <<< HTTP RESPONSE 200
[debug] [2019-02-04T21:37:33.918Z] >>> HTTP REQUEST POST https://firebasehosting.googleapis.com/v1beta1/sites/how-to-pwa/versions  

[debug] [2019-02-04T21:37:35.865Z] <<< HTTP RESPONSE 200
[info] i  functions: preparing functions directory for uploading...
[debug] [2019-02-04T21:37:35.868Z] >>> HTTP REQUEST GET https://runtimeconfig.googleapis.com/v1beta1/projects/how-to-pwa/configs  
 
[debug] [2019-02-04T21:37:36.208Z] <<< HTTP RESPONSE 200
[info] i  functions: packaged functions (61.44 KB) for uploading
[debug] [2019-02-04T21:37:36.896Z] >>> HTTP REQUEST POST https://cloudfunctions.googleapis.com/v1/projects/how-to-pwa/locations/us-central1/functions:generateUploadUrl  
 
[debug] [2019-02-04T21:37:37.411Z] <<< HTTP RESPONSE 200
[debug] [2019-02-04T21:37:37.412Z] >>> HTTP REQUEST PUT https://storage.googleapis.com/gcf-upload-us-central1-7634da3b-3329-4d79-984c-2304464f7a81/bdbadaf1-2557-4c3b-a3aa-35a6f0bf9988.zip?GoogleAccessId=service-188530498156@gcf-admin-robot.iam.gserviceaccount.com&Expires=1549318043&Signature=k5M2nRbusFPwBedQRPVXhfnyyHJww3TH6eFKiadH95ZWLLlHR1Fb0jOWVLGO5LbG9yvLxzBZgbccPXCOW%2FQclxe5KZt5lhzjAVS3F8DCJKF%2BP4I4cfrej2ftWN%2BEB270HGP3lWaJ%2BSHMiAnCkHCM8TeIHIa%2BlnrX6HFApCgh6i6bOj0rIeVfwST1QWKRf2kE5RkHsA0q4pfAXUBGKKleQ1lO4kd45leSQL5L6AFJoD4HJyrOheGmxqmvKx94watW%2F530QvqcU0Ph6QO2%2F6thP0mehEBGKTTF57DAnN%2BmcwWxYp%2BQDrNWGEqr2pcdDwygsD0d6SWyqfoJFqI3Ee1keg%3D%3D  

[debug] [2019-02-04T21:37:38.137Z] <<< HTTP RESPONSE 200
[info] ✔  functions: functions folder uploaded successfully
[info] i  hosting[how-to-pwa]: beginning deploy...
[info] i  hosting[how-to-pwa]: found 55 files in public
[debug] [2019-02-04T21:37:38.156Z] [hosting] hash cache [cHVibGlj] load error: lines is not defined
[debug] [2019-02-04T21:37:38.271Z] [hosting] hash cache [cHVibGlj] stored for 55 files
[debug] [2019-02-04T21:37:38.272Z] [hosting][hash queue][FINAL]
[debug] [2019-02-04T21:37:38.272Z] >>> HTTP REQUEST POST https://firebasehosting.googleapis.com/v1beta1/sites/how-to-pwa/versions/4322071de0945433:populateFiles  
 <request body omitted>
[debug] [2019-02-04T21:37:40.185Z] <<< HTTP RESPONSE 200
[debug] [2019-02-04T21:37:40.188Z] [hosting][populate queue][FINAL]
[debug] [2019-02-04T21:37:40.189Z] [hosting] uploads queued: 1
[debug] [2019-02-04T21:37:42.337Z] [hosting][upload queue][FINAL]
[info] ✔  hosting[how-to-pwa]: file upload complete
[debug] [2019-02-04T21:37:42.338Z] [hosting] deploy completed after 4200ms
[debug] [2019-02-04T21:37:42.343Z] >>> HTTP REQUEST GET https://cloudfunctions.googleapis.com/v1/projects/how-to-pwa/locations/-/functions  
 
[debug] [2019-02-04T21:37:42.876Z] <<< HTTP RESPONSE 200
[info] i  functions: updating Node.js 6 function storePostData(us-central1)...
[debug] [2019-02-04T21:37:42.880Z] Trigger is:  {"httpsTrigger":{}}
[debug] [2019-02-04T21:37:42.881Z] >>> HTTP REQUEST PATCH https://cloudfunctions.googleapis.com/v1/projects/how-to-pwa/locations/us-central1/functions/storePostData {"updateMask":"sourceUploadUrl,name,labels,httpsTrigger"} 

[debug] [2019-02-04T21:37:43.425Z] <<< HTTP RESPONSE 200
[debug] [2019-02-04T21:37:43.427Z] >>> HTTP REQUEST GET https://cloudfunctions.googleapis.com/v1/projects/how-to-pwa/locations/-/functions  
 
[debug] [2019-02-04T21:37:43.924Z] <<< HTTP RESPONSE 200
[debug] [2019-02-04T21:37:43.925Z] >>> HTTP REQUEST GET https://cloudfunctions.googleapis.com/v1/operations/aG93LXRvLXB3YS91cy1jZW50cmFsMS9zdG9yZVBvc3REYXRhL3hNd0xJb3VPRWlr  
 
[debug] [2019-02-04T21:37:44.306Z] <<< HTTP RESPONSE 200
[debug] [2019-02-04T21:37:46.309Z] >>> HTTP REQUEST GET https://cloudfunctions.googleapis.com/v1/operations/aG93LXRvLXB3YS91cy1jZW50cmFsMS9zdG9yZVBvc3REYXRhL3hNd0xJb3VPRWlr  
 
[debug] [2019-02-04T21:37:46.596Z] <<< HTTP RESPONSE 200
